<?xml version="1.0" encoding="utf-8"?><testsuites name="pytest tests"><testsuite name="pytest" errors="0" failures="0" skipped="0" tests="18" time="7.690" timestamp="2026-06-27T10:50:56.977995+00:00" hostname="agent-env-52cef6a0-1c6b-4e2d-a0d7-036a7e2d1fb4"><testcase classname="backend.tests.test_vitalityx_regression.TestRegressionProfilesRLS" name="test_member_own_profile" time="0.776" /><testcase classname="backend.tests.test_vitalityx_regression.TestRegressionProfilesRLS" name="test_coach_own_profile" time="0.551" /><testcase classname="backend.tests.test_vitalityx_regression.TestRegressionProfilesRLS" name="test_coach_lists_profiles" time="0.248" /><testcase classname="backend.tests.test_vitalityx_regression.TestStripeCheckout" name="test_returns_checkout_url" time="0.913" /><testcase classname="backend.tests.test_vitalityx_regression.TestStripeCheckout" name="test_rejects_empty" time="0.111" /><testcase classname="backend.tests.test_vitalityx_regression.TestSessions" name="test_member_inserts_session" time="0.466" /><testcase classname="backend.tests.test_vitalityx_regression.TestCheckin" name="test_member_inserts_checkin" time="0.465" /><testcase classname="backend.tests.test_vitalityx_regression.TestMessages" name="test_member_sends_message" time="0.447" /><testcase classname="backend.tests.test_vitalityx_regression.TestProtocolBuilder" name="test_coach_inserts_protocol_item" time="0.710" /><testcase classname="backend.tests.test_vitalityx_regression.TestLabs" name="test_coach_inserts_lab_and_biomarker" time="0.960" /><testcase classname="backend.tests.test_vitalityx_regression.TestStaffAccessLogs" name="test_direct_coach_insert_denied_by_rls" time="0.230" /><testcase classname="backend.tests.test_vitalityx_regression.TestProtocolCompletions" name="test_member_toggles_completion" time="0.697" /><testcase classname="backend.tests.test_vitalityx_regression" name="test_legal_pages_load[/terms]" time="0.153" /><testcase classname="backend.tests.test_vitalityx_regression" name="test_legal_pages_load[/privacy]" time="0.167" /><testcase classname="backend.tests.test_vitalityx_regression" name="test_legal_pages_load[/gina]" time="0.138" /><testcase classname="backend.tests.test_vitalityx_regression" name="test_legal_pages_load[/help]" time="0.135" /><testcase classname="backend.tests.test_vitalityx_regression" name="test_legal_pages_load[/forgot-password]" time="0.195" /><testcase classname="backend.tests.test_vitalityx_regression" name="test_signup_endpoint_reachable" time="0.246" /></testsuite></testsuites>