<?xml version="1.0" encoding="utf-8"?><testsuites name="pytest tests"><testsuite name="pytest" errors="0" failures="1" skipped="0" tests="34" time="12.462" timestamp="2026-06-27T10:36:54.543572+00:00" hostname="agent-env-52cef6a0-1c6b-4e2d-a0d7-036a7e2d1fb4"><testcase classname="backend.tests.test_vitalityx_routes" name="test_public_page_loads[/]" time="0.285" /><testcase classname="backend.tests.test_vitalityx_routes" name="test_public_page_loads[/terms]" time="0.116" /><testcase classname="backend.tests.test_vitalityx_routes" name="test_public_page_loads[/privacy]" time="1.037" /><testcase classname="backend.tests.test_vitalityx_routes" name="test_public_page_loads[/gina]" time="0.669" /><testcase classname="backend.tests.test_vitalityx_routes" name="test_public_page_loads[/help]" time="0.100" /><testcase classname="backend.tests.test_vitalityx_routes" name="test_public_page_loads[/forgot-password]" time="0.504" /><testcase classname="backend.tests.test_vitalityx_routes" name="test_public_page_loads[/reset-password]" time="0.468" /><testcase classname="backend.tests.test_vitalityx_routes" name="test_public_page_loads[/login]" time="0.081" /><testcase classname="backend.tests.test_vitalityx_routes" name="test_public_page_loads[/signup]" time="0.098" /><testcase classname="backend.tests.test_vitalityx_routes" name="test_public_page_loads[/cart]" time="0.095" /><testcase classname="backend.tests.test_vitalityx_routes" name="test_help_page_has_faq" time="0.083" /><testcase classname="backend.tests.test_vitalityx_routes" name="test_landing_has_hero_and_supplements" time="0.101" /><testcase classname="backend.tests.test_vitalityx_routes" name="test_protected_pages_redirect_or_block[/member/dashboard]" time="0.044" /><testcase classname="backend.tests.test_vitalityx_routes" name="test_protected_pages_redirect_or_block[/member/data]" time="0.043" /><testcase classname="backend.tests.test_vitalityx_routes" name="test_protected_pages_redirect_or_block[/member/protocol]" time="0.042" /><testcase classname="backend.tests.test_vitalityx_routes" name="test_protected_pages_redirect_or_block[/member/sessions]" time="0.045" /><testcase classname="backend.tests.test_vitalityx_routes" name="test_protected_pages_redirect_or_block[/member/messages]" time="0.043" /><testcase classname="backend.tests.test_vitalityx_routes" name="test_protected_pages_redirect_or_block[/member/check-in]" time="0.041" /><testcase classname="backend.tests.test_vitalityx_routes" name="test_protected_pages_redirect_or_block[/member/supplements]" time="0.044" /><testcase classname="backend.tests.test_vitalityx_routes" name="test_protected_pages_redirect_or_block[/member/settings]" time="0.043" /><testcase classname="backend.tests.test_vitalityx_routes" name="test_protected_pages_redirect_or_block[/staff/dashboard]" time="0.045" /><testcase classname="backend.tests.test_vitalityx_routes" name="test_protected_pages_redirect_or_block[/staff/clients]" time="0.043" /><testcase classname="backend.tests.test_vitalityx_routes" name="test_protected_pages_redirect_or_block[/staff/sessions]" time="0.043" /><testcase classname="backend.tests.test_vitalityx_routes" name="test_protected_pages_redirect_or_block[/staff/settings]" time="0.045" /><testcase classname="backend.tests.test_vitalityx_routes" name="test_admin_bootstrap_idempotent" time="3.095" /><testcase classname="backend.tests.test_vitalityx_routes" name="test_admin_bootstrap_requires_token" time="0.071" /><testcase classname="backend.tests.test_vitalityx_routes" name="test_stripe_checkout_returns_url" time="2.475" /><testcase classname="backend.tests.test_vitalityx_routes" name="test_stripe_checkout_rejects_empty_items" time="0.053" /><testcase classname="backend.tests.test_vitalityx_routes" name="test_stripe_checkout_rejects_unknown_product" time="0.056" /><testcase classname="backend.tests.test_vitalityx_routes" name="test_demo_member_can_sign_in" time="0.342" /><testcase classname="backend.tests.test_vitalityx_routes" name="test_demo_coach_can_sign_in" time="0.309" /><testcase classname="backend.tests.test_vitalityx_routes" name="test_member_rls_blocks_other_biomarkers" time="0.554" /><testcase classname="backend.tests.test_vitalityx_routes" name="test_member_has_seeded_protocol_items" time="0.556" /><testcase classname="backend.tests.test_vitalityx_routes" name="test_member_has_seeded_biomarkers" time="0.592"><failure message="AssertionError: {&quot;code&quot;:&quot;42703&quot;,&quot;details&quot;:null,&quot;hint&quot;:null,&quot;message&quot;:&quot;column biomarkers.marker does not exist&quot;}&#10;assert 400 == 200&#10; +  where 400 = &lt;Response [400]&gt;.status_code">backend/tests/test_vitalityx_routes.py:182: in test_member_has_seeded_biomarkers
    assert r.status_code == 200, r.text
E   AssertionError: {"code":"42703","details":null,"hint":null,"message":"column biomarkers.marker does not exist"}
E   assert 400 == 200
E    +  where 400 = &lt;Response [400]&gt;.status_code</failure></testcase></testsuite></testsuites>